Determining if the pthread_create exist failed with the following output:
Change Dir: /home/limek/qr_ws/build/CMakeFiles/CMakeTmp

Run Build Command:/usr/bin/make "cmTryCompileExec3637573655/fast"
/usr/bin/make -f CMakeFiles/cmTryCompileExec3637573655.dir/build.make CMakeFiles/cmTryCompileExec3637573655.dir/build
make[1]: Wejście do katalogu `/home/limek/qr_ws/build/CMakeFiles/CMakeTmp'
/usr/bin/cmake -E cmake_progress_report /home/limek/qr_ws/build/CMakeFiles/CMakeTmp/CMakeFiles 1
Building C object CMakeFiles/cmTryCompileExec3637573655.dir/CheckSymbolExists.c.o
/usr/bin/cc    -o CMakeFiles/cmTryCompileExec3637573655.dir/CheckSymbolExists.c.o   -c /home/limek/qr_ws/build/CMakeFiles/CMakeTmp/CheckSymbolExists.c
Linking C executable cmTryCompileExec3637573655
/usr/bin/cmake -E cmake_link_script CMakeFiles/cmTryCompileExec3637573655.dir/link.txt --verbose=1
/usr/bin/cc       CMakeFiles/cmTryCompileExec3637573655.dir/CheckSymbolExists.c.o  -o cmTryCompileExec3637573655 -rdynamic 
CMakeFiles/cmTryCompileExec3637573655.dir/CheckSymbolExists.c.o: In function `main':
CheckSymbolExists.c:(.text+0x16): undefined reference to `pthread_create'
collect2: error: ld returned 1 exit status
make[1]: *** [cmTryCompileExec3637573655] Błąd 1
make[1]: Opuszczenie katalogu `/home/limek/qr_ws/build/CMakeFiles/CMakeTmp'
make: *** [cmTryCompileExec3637573655/fast] Błąd 2

File /home/limek/qr_ws/build/CMakeFiles/CMakeTmp/CheckSymbolExists.c:
/* */
#include <pthread.h>

int main(int argc, char** argv)
{
  (void)argv;
#ifndef pthread_create
  return ((int*)(&pthread_create))[argc];
#else
  (void)argc;
  return 0;
#endif
}

Determining if the function pthread_create exists in the pthreads failed with the following output:
Change Dir: /home/limek/qr_ws/build/CMakeFiles/CMakeTmp

Run Build Command:/usr/bin/make "cmTryCompileExec955350566/fast"
/usr/bin/make -f CMakeFiles/cmTryCompileExec955350566.dir/build.make CMakeFiles/cmTryCompileExec955350566.dir/build
make[1]: Wejście do katalogu `/home/limek/qr_ws/build/CMakeFiles/CMakeTmp'
/usr/bin/cmake -E cmake_progress_report /home/limek/qr_ws/build/CMakeFiles/CMakeTmp/CMakeFiles 1
Building C object CMakeFiles/cmTryCompileExec955350566.dir/CheckFunctionExists.c.o
/usr/bin/cc   -DCHECK_FUNCTION_EXISTS=pthread_create   -o CMakeFiles/cmTryCompileExec955350566.dir/CheckFunctionExists.c.o   -c /usr/share/cmake-2.8/Modules/CheckFunctionExists.c
Linking C executable cmTryCompileExec955350566
/usr/bin/cmake -E cmake_link_script CMakeFiles/cmTryCompileExec955350566.dir/link.txt --verbose=1
/usr/bin/cc   -DCHECK_FUNCTION_EXISTS=pthread_create    CMakeFiles/cmTryCompileExec955350566.dir/CheckFunctionExists.c.o  -o cmTryCompileExec955350566 -rdynamic -lpthreads 
/usr/bin/ld: cannot find -lpthreads
collect2: error: ld returned 1 exit status
make[1]: *** [cmTryCompileExec955350566] Błąd 1
make[1]: Opuszczenie katalogu `/home/limek/qr_ws/build/CMakeFiles/CMakeTmp'
make: *** [cmTryCompileExec955350566/fast] Błąd 2


